{
  "RSpec": {
    "coverage": {
      "/home/attentive-lambda-5509/tic-tac-toe-rb-online-web-sp-000/lib/tic_tac_toe.rb": [
        null,
        1,
        null,
        null,
        null,
        null,
        null,
        null,
        null,
        null,
        null,
        null,
        1,
        5,
        5,
        5,
        5,
        5,
        null,
        null,
        null,
        1,
        7,
        null,
        null,
        null,
        1,
        4,
        null,
        null,
        null,
        1,
        6,
        null,
        null,
        null,
        1,
        27,
        19,
        8,
        8,
        null,
        null,
        null,
        null,
        1,
        7,
        1,
        6,
        4,
        null,
        null,
        null,
        null,
        null,
        1,
        5,
        5,
        45,
        5,
        null,
        null,
        5,
        null,
        null,
        null,
        1,
        4,
        4,
        4,
        4,
        3,
        3,
        null,
        1,
        null,
        null,
        null,
        null,
        1,
        12,
        74,
        null,
        null,
        null,
        null,
        null,
        1,
        8,
        51,
        null,
        null,
        null,
        1,
        7,
        null,
        null,
        1,
        3,
        null,
        null,
        1,
        3,
        2,
        null,
        null,
        null,
        1,
        1,
        1,
        0,
        1,
        0,
        null,
        null,
        null
      ]
    },
    "timestamp": 1615583752
  }
}
